<?xml version="1.0"?>
<testsuite name="HeadlessChrome 83.0.4103 (Linux 0.0.0)" package="" timestamp="2020-06-16T20:50:22" id="0" hostname="fv-az50" tests="12" errors="0" failures="0" time="0.005">
  <properties>
    <property name="browser.fullName" value="Mozilla/5.0 (X11; Linux x86_64) AppleWebKit/537.36 (KHTML, like Gecko) HeadlessChrome/83.0.4103.97 Safari/537.36"/>
  </properties>
  <testcase name=" string conversion" time="0.001" classname=""/>
  <testcase name=" compare" time="0" classname=""/>
  <testcase name=" double view" time="0.001" classname=""/>
  <testcase name=" typed array" time="0" classname=""/>
  <testcase name=" from array buffer" time="0" classname=""/>
  <testcase name=" to array buffer" time="0" classname=""/>
  <testcase name=" Uint8Array" time="0" classname=""/>
  <testcase name=" native" time="0.001" classname=""/>
  <testcase name=" slice" time="0" classname=""/>
  <testcase name=" slice memcopy" time="0" classname=""/>
  <testcase name=" concat" time="0" classname=""/>
  <testcase name=" random above max entropy" time="0.002" classname=""/>
  <system-out>
    <![CDATA[
]]>
  </system-out>
  <system-err/>
</testsuite>